# Server version 0.08 running on 142.157.42.130:8123
# Game ID: 4
# Board class: pentago_swap.PentagoBoard
# Timeout: 2000
# First Move Timeout: 30000
# Date: Fri Mar 29 10:37:04 EDT 2019
# Player 1: Player-0, 'Human', running on 142.157.42.130
# Player 2: Player-1, 'RandomPlayer', running on 142.157.42.130
START Player-0 Human
START Player-1 RandomPlayer
3 2 TL TR 0
0 1 TR BR 1
1 4 TL BR 0
3 1 TL TR 1
1 4 BL BR 0
1 5 BL BR 1
1 2 BR BL 0
4 0 TL BL 1
1 3 BL TL 0
5 4 BL BR 1
1 0 BR BL 0
GAMEOVER WINNER 0
# Game ended: Fri Mar 29 10:38:27 EDT 2019
