# Server version 0.08 running on 142.157.42.130:8123
# Game ID: 6
# Board class: pentago_swap.PentagoBoard
# Timeout: 2000
# First Move Timeout: 30000
# Date: Fri Mar 29 10:50:38 EDT 2019
# Player 1: Player-0, 'Human', running on 142.157.42.130
# Player 2: Player-1, 'Human', running on 142.157.42.130
START Player-0 Human
START Player-1 Human
1 1 BL BR 0
1 4 TR BR 1
4 1 TR BL 0
4 1 TL BR 1
3 4 BL TL 0
5 4 BR BL 1
2 4 TL BR 0
0 4 TR BL 1
2 3 BL BR 0
0 5 TR TL 1
0 0 TR BR 0
2 2 BL BR 1
1 0 TR BR 0
4 0 BR TR 1
3 3 BL BR 0
4 0 TR TL 1
4 2 TR TL 0
4 5 BR BL 1
GAMEOVER WINNER 1
# Game ended: Fri Mar 29 10:53:11 EDT 2019
