# Server version 0.08 running on 142.157.42.130:8123
# Game ID: 1
# Board class: pentago_swap.PentagoBoard
# Timeout: 2000
# First Move Timeout: 30000
# Date: Fri Mar 29 10:20:13 EDT 2019
# Player 1: Player-0, 'Human', running on 142.157.42.130
# Player 2: Player-1, 'RandomPlayer', running on 142.157.42.130
START Player-0 Human
START Player-1 RandomPlayer
2 2 BR TR 0
0 1 TR BR 1
2 1 TL TR 0
3 3 TL TR 1
2 3 BL BR 0
1 4 BL BR 1
2 4 TL BL 0
3 4 TL BL 1
2 0 BL BR 0
GAMEOVER WINNER 0
# Game ended: Fri Mar 29 10:20:44 EDT 2019
