# Server version 0.08 running on 142.157.42.130:8123
# Game ID: 5
# Board class: pentago_swap.PentagoBoard
# Timeout: 2000
# First Move Timeout: 30000
# Date: Fri Mar 29 10:45:54 EDT 2019
# Player 1: Player-0, 'Human', running on 142.157.42.130
# Player 2: Player-1, 'RandomPlayer', running on 142.157.42.130
START Player-0 Human
START Player-1 RandomPlayer
1 4 TL BL 0
0 1 TR BR 1
1 1 TR BL 0
3 2 TL TR 1
2 5 TR TL 0
1 5 BL BR 1
3 0 BL BR 0
3 5 TL BL 1
5 5 BL TL 0
GAMEOVER WINNER 0
# Game ended: Fri Mar 29 10:46:11 EDT 2019
