# Server version 0.08 running on air-de-akshal:8123
# Game ID: 14
# Board class: pentago_swap.PentagoBoard
# Timeout: 2000
# First Move Timeout: 30000
# Date: Mon Apr 08 19:30:20 EDT 2019
# Player 1: Player-0, 'RandomPlayer', running on air-de-akshal
# Player 2: Player-1, '260726335', running on air-de-akshal
START Player-0 RandomPlayer
START Player-1 260726335
5 2 TR BR 0
1 1 BL TR 1
0 3 TL TR 0
1 1 BL TR 1
4 0 BL BR 0
4 1 BR BL 1
2 0 TL BL 0
1 4 BR TL 1
5 3 BL BR 0
0 5 TR BR 1
1 5 TL TR 0
1 0 TL TR 1
0 0 BL BR 0
2 2 BL BR 1
5 2 TR BR 0
2 3 TL BL 1
1 2 TL BR 0
4 2 BL BR 1
5 1 TR BR 0
5 5 TL TR 1
4 3 TL TR 0
3 4 BL BR 1
3 5 TR BR 0
3 0 TR BR 1
1 3 BL BR 0
GAMEOVER WINNER 0
# Game ended: Mon Apr 08 19:30:20 EDT 2019
