# Server version 0.08 running on air-de-akshal:8123
# Game ID: 33
# Board class: pentago_swap.PentagoBoard
# Timeout: 2000
# First Move Timeout: 30000
# Date: Mon Apr 08 20:06:05 EDT 2019
# Player 1: Player-0, 'RandomPlayer', running on air-de-akshal
# Player 2: Player-1, '260726335', running on air-de-akshal
START Player-0 RandomPlayer
START Player-1 260726335
3 2 TL TR 0
1 1 BL TL 1
4 4 TR BR 0
1 1 BL TL 1
4 0 BL BR 0
4 1 BL TR 1
0 5 BL BR 0
3 3 TR BL 1
4 0 TL BR 0
2 5 TR BR 1
1 2 TL TR 0
0 0 TR BL 1
2 0 TL BL 0
4 0 TL TR 1
3 2 TL BL 0
1 2 TR BR 1
5 4 BL BR 0
0 1 TL BL 1
2 0 TL TR 0
0 1 TR BR 1
2 0 TL TR 0
2 2 TL TR 1
3 5 TR BL 0
0 0 TL TR 1
5 5 TR BL 0
2 2 TR BL 1
5 1 BL BR 0
2 4 TL BR 1
GAMEOVER WINNER 1
# Game ended: Mon Apr 08 20:06:25 EDT 2019
