# Server version 0.08 running on air-de-akshal:8123
# Game ID: 31
# Board class: pentago_swap.PentagoBoard
# Timeout: 2000
# First Move Timeout: 30000
# Date: Mon Apr 08 20:00:22 EDT 2019
# Player 1: Player-0, 'RandomPlayer', running on air-de-akshal
# Player 2: Player-1, '260726335', running on air-de-akshal
START Player-0 RandomPlayer
START Player-1 260726335
0 2 TR BL 0
1 1 BL TL 1
3 3 TR BL 0
1 1 BL TL 1
2 0 TL BR 0
1 1 BL TL 1
2 4 TR BL 0
4 4 TL BL 1
0 0 BL BR 0
1 5 TL BR 1
5 5 BL BR 0
1 3 TR BR 1
1 3 TR BR 0
1 0 TL TR 1
GAMEOVER WINNER 1
# Game ended: Mon Apr 08 20:00:29 EDT 2019
