# Server version 0.08 running on 142.157.42.130:8123
# Game ID: 2
# Board class: pentago_swap.PentagoBoard
# Timeout: 2000
# First Move Timeout: 30000
# Date: Fri Mar 29 10:20:56 EDT 2019
# Player 1: Player-0, 'Human', running on 142.157.42.130
# Player 2: Player-1, 'RandomPlayer', running on 142.157.42.130
START Player-0 Human
START Player-1 RandomPlayer
2 2 BL BR 0
0 1 TR BR 1
1 2 TR TL 0
3 3 TL TR 1
3 2 BR TR 0
2 0 BL BR 1
0 2 TL TR 0
4 0 TL BL 1
4 5 TL BL 0
GAMEOVER WINNER 0
# Game ended: Fri Mar 29 10:21:13 EDT 2019
