# Server version 0.08 running on air-de-akshal:8123
# Game ID: 10
# Board class: pentago_swap.PentagoBoard
# Timeout: 2000
# First Move Timeout: 30000
# Date: Mon Apr 08 16:09:09 EDT 2019
# Player 1: Player-0, 'RandomPlayer', running on air-de-akshal
# Player 2: Player-1, '260726335', running on air-de-akshal
START Player-0 RandomPlayer
START Player-1 260726335
5 2 TR BR 0
1 1 BL TL 1
0 3 TL TR 0
1 1 BL TL 1
4 0 BL BR 0
4 1 BL TR 1
2 0 TL BL 0
1 1 BL TL 1
5 3 BL BR 0
0 5 TR BR 1
1 3 TL TR 0
0 5 TL TR 1
0 0 BL BR 0
2 2 BL BR 1
5 2 TR BR 0
2 5 TL BL 1
1 3 TL BR 0
4 2 BL BR 1
4 3 TR BR 0
5 4 TL TR 1
GAMEOVER WINNER 0
# Game ended: Mon Apr 08 16:09:09 EDT 2019
