# Server version 0.08 running on air-de-akshal:8123
# Game ID: 16
# Board class: pentago_swap.PentagoBoard
# Timeout: 2000
# First Move Timeout: 30000
# Date: Mon Apr 08 19:34:49 EDT 2019
# Player 1: Player-0, '260726335', running on air-de-akshal
# Player 2: Player-1, 'RandomPlayer', running on air-de-akshal
START Player-0 260726335
START Player-1 RandomPlayer
1 1 BL TL 0
0 1 TR BR 1
1 1 BL TL 0
3 2 TL TR 1
1 1 BL TL 0
2 1 BL BR 1
4 1 BL TR 0
3 4 TL BL 1
3 3 TL BR 0
5 4 BL BR 1
1 0 TR BR 0
3 4 TL TR 1
GAMEOVER TIMEOUT WINNER 1
# Game ended: Mon Apr 08 19:34:57 EDT 2019
