# Server version 0.08 running on air-de-akshal:8123
# Game ID: 15
# Board class: pentago_swap.PentagoBoard
# Timeout: 2000
# First Move Timeout: 30000
# Date: Mon Apr 08 19:30:31 EDT 2019
# Player 1: Player-0, '260726335', running on air-de-akshal
# Player 2: Player-1, 'RandomPlayer', running on air-de-akshal
START Player-0 260726335
START Player-1 RandomPlayer
1 1 BL TR 0
0 1 TR BR 1
4 1 BR BL 0
3 2 TL TR 1
1 1 BL TR 0
1 5 BL BR 1
1 4 BR TL 0
3 4 TL BL 1
2 0 TR BR 0
5 4 BL BR 1
5 3 TL TR 0
3 0 TL TR 1
2 5 BL BR 0
0 5 BL BR 1
2 3 TL BL 0
5 2 TR BR 1
0 3 BL BR 0
2 0 TL BR 1
1 0 TL TR 0
3 4 TR BR 1
3 3 BL BR 0
3 1 TL TR 1
2 2 TR BR 0
4 2 TR BR 1
1 0 TL BR 0
2 5 BL BR 1
2 4 TR BR 0
1 0 TR BR 1
2 1 TL TR 0
1 2 TL BL 1
5 4 TR BR 0
0 5 TL TR 1
GAMEOVER WINNER 1
# Game ended: Mon Apr 08 19:30:31 EDT 2019
