# Server version 0.08 running on air-de-akshal:8123
# Game ID: 29
# Board class: pentago_swap.PentagoBoard
# Timeout: 2000
# First Move Timeout: 30000
# Date: Mon Apr 08 19:54:15 EDT 2019
# Player 1: Player-0, '260726335', running on air-de-akshal
# Player 2: Player-1, '260726335', running on air-de-akshal
START Player-0 260726335
START Player-1 260726335
1 1 BL TL 0
1 1 BL TL 1
1 4 BR TL 0
1 1 BL TL 1
3 4 TL TR 0
2 3 TR BR 1
0 1 TL BL 0
4 3 TR BR 1
5 1 TR BL 0
GAMEOVER WINNER 0
# Game ended: Mon Apr 08 19:54:24 EDT 2019
